# JRE version: OpenJDK Runtime Environment (8.0_212-b04) (build 1.8.0_212-release-1586-b04)
# Java VM: OpenJDK 64-Bit Server VM (25.212-b04 mixed mode windows-amd64 compressed oops)
Heap:
 PSYoungGen      total 392704K, used 213380K [0x00000000e0000000, 0x00000000feb80000, 0x0000000100000000)
  eden space 274432K, 67% used [0x00000000e0000000,0x00000000eb593650,0x00000000f0c00000)
  from space 118272K, 23% used [0x00000000f7800000,0x00000000f92cdac0,0x00000000feb80000)
  to   space 110592K, 0% used [0x00000000f0c00000,0x00000000f0c00000,0x00000000f7800000)
 ParOldGen       total 332288K, used 83769K [0x00000000a0000000, 0x00000000b4480000, 0x00000000e0000000)
  object space 332288K, 25% used [0x00000000a0000000,0x00000000a51ce7e0,0x00000000b4480000)
 Metaspace       used 112791K, capacity 119668K, committed 134400K, reserved 1167360K
  class space    used 14049K, capacity 15238K, committed 16896K, reserved 1048576K
GC Heap History (10 events):
Event: 10491.432 GC heap before
{Heap before GC invocations=93 (full 10):
 PSYoungGen      total 383488K, used 315250K [0x00000000e0000000, 0x0000000100000000, 0x0000000100000000)
  eden space 251904K, 100% used [0x00000000e0000000,0x00000000ef600000,0x00000000ef600000)
  from space 131584K, 48% used [0x00000000f7580000,0x00000000fb35c900,0x00000000ff600000)
  to   space 130560K, 0% used [0x00000000ef600000,0x00000000ef600000,0x00000000f7580000)
 ParOldGen       total 326144K, used 198697K [0x00000000a0000000, 0x00000000b3e80000, 0x00000000e0000000)
  object space 326144K, 60% used [0x00000000a0000000,0x00000000ac20a7a8,0x00000000b3e80000)
 Metaspace       used 125614K, capacity 132694K, committed 134016K, reserved 1167360K
  class space    used 15348K, capacity 16527K, committed 16768K, reserved 1048576K
Event: 10491.508 GC heap after
Heap after GC invocations=93 (full 10):
 PSYoungGen      total 382464K, used 39076K [0x00000000e0000000, 0x00000000ff000000, 0x0000000100000000)
  eden space 251904K, 0% used [0x00000000e0000000,0x00000000e0000000,0x00000000ef600000)
  from space 130560K, 29% used [0x00000000ef600000,0x00000000f1c29288,0x00000000f7580000)
  to   space 122880K, 0% used [0x00000000f7800000,0x00000000f7800000,0x00000000ff000000)
 ParOldGen       total 326144K, used 239236K [0x00000000a0000000, 0x00000000b3e80000, 0x00000000e0000000)
  object space 326144K, 73% used [0x00000000a0000000,0x00000000ae9a10b8,0x00000000b3e80000)
 Metaspace       used 125614K, capacity 132694K, committed 134016K, reserved 1167360K
  class space    used 15348K, capacity 16527K, committed 16768K, reserved 1048576K
}
Event: 11507.610 GC heap before
{Heap before GC invocations=94 (full 10):
 PSYoungGen      total 382464K, used 290980K [0x00000000e0000000, 0x00000000ff000000, 0x0000000100000000)
  eden space 251904K, 100% used [0x00000000e0000000,0x00000000ef600000,0x00000000ef600000)
  from space 130560K, 29% used [0x00000000ef600000,0x00000000f1c29288,0x00000000f7580000)
  to   space 122880K, 0% used [0x00000000f7800000,0x00000000f7800000,0x00000000ff000000)
 ParOldGen       total 326144K, used 239236K [0x00000000a0000000, 0x00000000b3e80000, 0x00000000e0000000)
  object space 326144K, 73% used [0x00000000a0000000,0x00000000ae9a10b8,0x00000000b3e80000)
 Metaspace       used 125687K, capacity 132778K, committed 134400K, reserved 1167360K
  class space    used 15356K, capacity 16541K, committed 16896K, reserved 1048576K
Event: 11507.914 GC heap after
Heap after GC invocations=94 (full 10):
 PSYoungGen      total 388608K, used 15637K [0x00000000e0000000, 0x00000000ff180000, 0x0000000100000000)
  eden space 265728K, 0% used [0x00000000e0000000,0x00000000e0000000,0x00000000f0380000)
  from space 122880K, 12% used [0x00000000f7800000,0x00000000f8745628,0x00000000ff000000)
  to   space 119296K, 0% used [0x00000000f0380000,0x00000000f0380000,0x00000000f7800000)
 ParOldGen       total 326144K, used 277387K [0x00000000a0000000, 0x00000000b3e80000, 0x00000000e0000000)
  object space 326144K, 85% used [0x00000000a0000000,0x00000000b0ee2f98,0x00000000b3e80000)
 Metaspace       used 125687K, capacity 132778K, committed 134400K, reserved 1167360K
  class space    used 15356K, capacity 16541K, committed 16896K, reserved 1048576K
}
Event: 11507.914 GC heap before
{Heap before GC invocations=95 (full 11):
 PSYoungGen      total 388608K, used 15637K [0x00000000e0000000, 0x00000000ff180000, 0x0000000100000000)
  eden space 265728K, 0% used [0x00000000e0000000,0x00000000e0000000,0x00000000f0380000)
  from space 122880K, 12% used [0x00000000f7800000,0x00000000f8745628,0x00000000ff000000)
  to   space 119296K, 0% used [0x00000000f0380000,0x00000000f0380000,0x00000000f7800000)
 ParOldGen       total 326144K, used 277387K [0x00000000a0000000, 0x00000000b3e80000, 0x00000000e0000000)
  object space 326144K, 85% used [0x00000000a0000000,0x00000000b0ee2f98,0x00000000b3e80000)
 Metaspace       used 125687K, capacity 132778K, committed 134400K, reserved 1167360K
  class space    used 15356K, capacity 16541K, committed 16896K, reserved 1048576K
Event: 11511.101 GC heap after
Heap after GC invocations=95 (full 11):
 PSYoungGen      total 388608K, used 0K [0x00000000e0000000, 0x00000000ff180000, 0x0000000100000000)
  eden space 265728K, 0% used [0x00000000e0000000,0x00000000e0000000,0x00000000f0380000)
  from space 122880K, 0% used [0x00000000f7800000,0x00000000f7800000,0x00000000ff000000)
  to   space 119296K, 0% used [0x00000000f0380000,0x00000000f0380000,0x00000000f7800000)
 ParOldGen       total 332288K, used 82961K [0x00000000a0000000, 0x00000000b4480000, 0x00000000e0000000)
  object space 332288K, 24% used [0x00000000a0000000,0x00000000a5104658,0x00000000b4480000)
 Metaspace       used 112103K, capacity 118972K, committed 134400K, reserved 1167360K
  class space    used 14013K, capacity 15170K, committed 16896K, reserved 1048576K
}
Event: 12624.937 GC heap before
{Heap before GC invocations=96 (full 11):
 PSYoungGen      total 388608K, used 265728K [0x00000000e0000000, 0x00000000ff180000, 0x0000000100000000)
  eden space 265728K, 100% used [0x00000000e0000000,0x00000000f0380000,0x00000000f0380000)
  from space 122880K, 0% used [0x00000000f7800000,0x00000000f7800000,0x00000000ff000000)
  to   space 119296K, 0% used [0x00000000f0380000,0x00000000f0380000,0x00000000f7800000)
 ParOldGen       total 332288K, used 82961K [0x00000000a0000000, 0x00000000b4480000, 0x00000000e0000000)
  object space 332288K, 24% used [0x00000000a0000000,0x00000000a5104658,0x00000000b4480000)
 Metaspace       used 112238K, capacity 119084K, committed 134400K, reserved 1167360K
  class space    used 14019K, capacity 15178K, committed 16896K, reserved 1048576K
Event: 12625.174 GC heap after
Heap after GC invocations=96 (full 11):
 PSYoungGen      total 385024K, used 11335K [0x00000000e0000000, 0x00000000ff180000, 0x0000000100000000)
  eden space 265728K, 0% used [0x00000000e0000000,0x00000000e0000000,0x00000000f0380000)
  from space 119296K, 9% used [0x00000000f0380000,0x00000000f0e91ee0,0x00000000f7800000)
  to   space 122880K, 0% used [0x00000000f7800000,0x00000000f7800000,0x00000000ff000000)
 ParOldGen       total 332288K, used 82969K [0x00000000a0000000, 0x00000000b4480000, 0x00000000e0000000)
  object space 332288K, 24% used [0x00000000a0000000,0x00000000a5106658,0x00000000b4480000)
 Metaspace       used 112238K, capacity 119084K, committed 134400K, reserved 1167360K
  class space    used 14019K, capacity 15178K, committed 16896K, reserved 1048576K
}
Event: 12643.047 GC heap before
{Heap before GC invocations=97 (full 11):
 PSYoungGen      total 385024K, used 277063K [0x00000000e0000000, 0x00000000ff180000, 0x0000000100000000)
  eden space 265728K, 100% used [0x00000000e0000000,0x00000000f0380000,0x00000000f0380000)
  from space 119296K, 9% used [0x00000000f0380000,0x00000000f0e91ee0,0x00000000f7800000)
  to   space 122880K, 0% used [0x00000000f7800000,0x00000000f7800000,0x00000000ff000000)
 ParOldGen       total 332288K, used 82969K [0x00000000a0000000, 0x00000000b4480000, 0x00000000e0000000)
  object space 332288K, 24% used [0x00000000a0000000,0x00000000a5106658,0x00000000b4480000)
 Metaspace       used 112533K, capacity 119414K, committed 134400K, reserved 1167360K
  class space    used 14033K, capacity 15201K, committed 16896K, reserved 1048576K
Event: 12643.294 GC heap after
Heap after GC invocations=97 (full 11):
 PSYoungGen      total 392704K, used 27446K [0x00000000e0000000, 0x00000000feb80000, 0x0000000100000000)
  eden space 274432K, 0% used [0x00000000e0000000,0x00000000e0000000,0x00000000f0c00000)
  from space 118272K, 23% used [0x00000000f7800000,0x00000000f92cdac0,0x00000000feb80000)
  to   space 110592K, 0% used [0x00000000f0c00000,0x00000000f0c00000,0x00000000f7800000)
 ParOldGen       total 332288K, used 83769K [0x00000000a0000000, 0x00000000b4480000, 0x00000000e0000000)
  object space 332288K, 25% used [0x00000000a0000000,0x00000000a51ce7e0,0x00000000b4480000)
 Metaspace       used 112533K, capacity 119414K, committed 134400K, reserved 1167360K
  class space    used 14033K, capacity 15201K, committed 16896K, reserved 1048576K
}

